<?xml version="1.0" encoding="UTF-8"?>
<!-- Generated by org.testng.reporters.JUnitReportReporter -->
<testsuite hostname="438d7af651b2556" failures="0" tests="1" name="logExampleTestNG.NOPCommApp" time="20.355" errors="0" timestamp="1 Aug 2023 23:37:45 GMT">
  <testcase classname="logExampleTestNG.NOPCommApp" name="verifyLoginTest" time="20.355"/>
</testsuite> <!-- logExampleTestNG.NOPCommApp -->
